<?xml version="1.0" encoding="UTF-8" ?>
<testsuite failures="0" time="0.009" errors="0" skipped="0" tests="1" name="com.mycompany.mavenproject2.AppTest">
  <properties>
    <property name="java.runtime.name" value="Java(TM) SE Runtime Environment"/>
    <property name="sun.boot.library.path" value="/usr/lib/jvm/java-6-sun-1.6.0.24/jre/lib/i386"/>
    <property name="java.vm.version" value="19.1-b02"/>
    <property name="java.vm.vendor" value="Sun Microsystems Inc."/>
    <property name="java.vendor.url" value="http://java.sun.com/"/>
    <property name="path.separator" value=":"/>
    <property name="java.vm.name" value="Java HotSpot(TM) Server VM"/>
    <property name="file.encoding.pkg" value="sun.io"/>
    <property name="user.country" value="US"/>
    <property name="sun.java.launcher" value="SUN_STANDARD"/>
    <property name="sun.os.patch.level" value="unknown"/>
    <property name="java.vm.specification.name" value="Java Virtual Machine Specification"/>
    <property name="user.dir" value="/home/nick/projects/openpals/projects/model.generator/mavenproject2"/>
    <property name="java.runtime.version" value="1.6.0_24-b07"/>
    <property name="java.awt.graphicsenv" value="sun.awt.X11GraphicsEnvironment"/>
    <property name="basedir" value="/home/nick/projects/openpals/projects/model.generator/mavenproject2"/>
    <property name="java.endorsed.dirs" value="/usr/lib/jvm/java-6-sun-1.6.0.24/jre/lib/endorsed"/>
    <property name="os.arch" value="i386"/>
    <property name="surefire.real.class.path" value="/home/nick/projects/openpals/projects/model.generator/mavenproject2/target/surefire/surefirebooter4192844652571574778.jar"/>
    <property name="java.io.tmpdir" value="/tmp"/>
    <property name="line.separator" value="
"/>
    <property name="java.vm.specification.vendor" value="Sun Microsystems Inc."/>
    <property name="os.name" value="Linux"/>
    <property name="sun.jnu.encoding" value="UTF-8"/>
    <property name="java.library.path" value="/usr/lib/jvm/java-6-sun-1.6.0.24/jre/lib/i386/server:/usr/lib/jvm/java-6-sun-1.6.0.24/jre/lib/i386:/usr/lib/jvm/java-6-sun-1.6.0.24/jre/../lib/i386:/usr/lib/jvm/java-6-sun-1.6.0.24/jre/lib/i386/client:/usr/lib/jvm/java-6-sun-1.6.0.24/jre/lib/i386:/usr/lib/jvm/java-6-sun-1.6.0.24/jre/../lib/i386:/usr/java/packages/lib/i386:/lib:/usr/lib"/>
    <property name="surefire.test.class.path" value="/home/nick/projects/openpals/projects/model.generator/mavenproject2/target/test-classes:/home/nick/projects/openpals/projects/model.generator/mavenproject2/target/classes:/home/nick/.m2/repository/junit/junit/3.8.1/junit-3.8.1.jar:/home/nick/.m2/repository/org/semweb4j/rdfreactor.runtime/4.7.2/rdfreactor.runtime-4.7.2.jar:/home/nick/.m2/repository/org/semweb4j/rdf2go.api/4.7.2/rdf2go.api-4.7.2.jar:/home/nick/.m2/repository/org/slf4j/slf4j-api/1.5.6/slf4j-api-1.5.6.jar:/home/nick/.m2/repository/org/slf4j/slf4j-log4j12/1.5.6/slf4j-log4j12-1.5.6.jar:/home/nick/.m2/repository/log4j/log4j/1.2.14/log4j-1.2.14.jar:/home/nick/.m2/repository/org/semweb4j/rdfreactor.generator/4.7.3-SNAPSHOT/rdfreactor.generator-4.7.3-SNAPSHOT.jar:/home/nick/.m2/repository/org/semweb4j/rdf2go.impl.sesame23/4.7.3/rdf2go.impl.sesame23-4.7.3.jar:/home/nick/.m2/repository/org/openrdf/sesame/sesame-runtime-osgi/2.3.1/sesame-runtime-osgi-2.3.1.jar:/home/nick/.m2/repository/velocity/velocity/1.5/velocity-1.5.jar:/home/nick/.m2/repository/commons-collections/commons-collections/3.1/commons-collections-3.1.jar:/home/nick/.m2/repository/commons-lang/commons-lang/2.1/commons-lang-2.1.jar:/home/nick/.m2/repository/oro/oro/2.0.8/oro-2.0.8.jar:"/>
    <property name="java.specification.name" value="Java Platform API Specification"/>
    <property name="java.class.version" value="50.0"/>
    <property name="sun.management.compiler" value="HotSpot Tiered Compilers"/>
    <property name="os.version" value="2.6.38-8-generic"/>
    <property name="user.home" value="/home/nick"/>
    <property name="user.timezone" value=""/>
    <property name="java.awt.printerjob" value="sun.print.PSPrinterJob"/>
    <property name="file.encoding" value="UTF-8"/>
    <property name="java.specification.version" value="1.6"/>
    <property name="user.name" value="nick"/>
    <property name="java.class.path" value="/home/nick/projects/openpals/projects/model.generator/mavenproject2/target/test-classes:/home/nick/projects/openpals/projects/model.generator/mavenproject2/target/classes:/home/nick/.m2/repository/junit/junit/3.8.1/junit-3.8.1.jar:/home/nick/.m2/repository/org/semweb4j/rdfreactor.runtime/4.7.2/rdfreactor.runtime-4.7.2.jar:/home/nick/.m2/repository/org/semweb4j/rdf2go.api/4.7.2/rdf2go.api-4.7.2.jar:/home/nick/.m2/repository/org/slf4j/slf4j-api/1.5.6/slf4j-api-1.5.6.jar:/home/nick/.m2/repository/org/slf4j/slf4j-log4j12/1.5.6/slf4j-log4j12-1.5.6.jar:/home/nick/.m2/repository/log4j/log4j/1.2.14/log4j-1.2.14.jar:/home/nick/.m2/repository/org/semweb4j/rdfreactor.generator/4.7.3-SNAPSHOT/rdfreactor.generator-4.7.3-SNAPSHOT.jar:/home/nick/.m2/repository/org/semweb4j/rdf2go.impl.sesame23/4.7.3/rdf2go.impl.sesame23-4.7.3.jar:/home/nick/.m2/repository/org/openrdf/sesame/sesame-runtime-osgi/2.3.1/sesame-runtime-osgi-2.3.1.jar:/home/nick/.m2/repository/velocity/velocity/1.5/velocity-1.5.jar:/home/nick/.m2/repository/commons-collections/commons-collections/3.1/commons-collections-3.1.jar:/home/nick/.m2/repository/commons-lang/commons-lang/2.1/commons-lang-2.1.jar:/home/nick/.m2/repository/oro/oro/2.0.8/oro-2.0.8.jar:"/>
    <property name="java.vm.specification.version" value="1.0"/>
    <property name="sun.arch.data.model" value="32"/>
    <property name="java.home" value="/usr/lib/jvm/java-6-sun-1.6.0.24/jre"/>
    <property name="java.specification.vendor" value="Sun Microsystems Inc."/>
    <property name="user.language" value="en"/>
    <property name="java.vm.info" value="mixed mode"/>
    <property name="java.version" value="1.6.0_24"/>
    <property name="java.ext.dirs" value="/usr/lib/jvm/java-6-sun-1.6.0.24/jre/lib/ext:/usr/java/packages/lib/ext"/>
    <property name="sun.boot.class.path" value="/usr/lib/jvm/java-6-sun-1.6.0.24/jre/lib/resources.jar:/usr/lib/jvm/java-6-sun-1.6.0.24/jre/lib/rt.jar:/usr/lib/jvm/java-6-sun-1.6.0.24/jre/lib/sunrsasign.jar:/usr/lib/jvm/java-6-sun-1.6.0.24/jre/lib/jsse.jar:/usr/lib/jvm/java-6-sun-1.6.0.24/jre/lib/jce.jar:/usr/lib/jvm/java-6-sun-1.6.0.24/jre/lib/charsets.jar:/usr/lib/jvm/java-6-sun-1.6.0.24/jre/lib/modules/jdk.boot.jar:/usr/lib/jvm/java-6-sun-1.6.0.24/jre/classes"/>
    <property name="java.vendor" value="Sun Microsystems Inc."/>
    <property name="localRepository" value="/home/nick/.m2/repository"/>
    <property name="file.separator" value="/"/>
    <property name="java.vendor.url.bug" value="http://java.sun.com/cgi-bin/bugreport.cgi"/>
    <property name="sun.cpu.endian" value="little"/>
    <property name="sun.io.unicode.encoding" value="UnicodeLittle"/>
    <property name="sun.desktop" value="gnome"/>
    <property name="sun.cpu.isalist" value=""/>
  </properties>
  <testcase time="0.001" classname="com.mycompany.mavenproject2.AppTest" name="testApp"/>
</testsuite>